quizlocker/app/build/intermediates/manifest_merge_blame_file/debug/manifest-merger-blame-debug-report.txt
1<?xml version="1.0" encoding="utf-8"?>
2<manifest xmlns:android="http://schemas.android.com/apk/res/android"
3    package="dalc.hsy.quizlocker"
4    android:versionCode="1"
5    android:versionName="1.0" >
6
7    <uses-sdk
8        android:minSdkVersion="17"
8-->src\main\AndroidManifest.xml
9        android:targetSdkVersion="32" />
9-->src\main\AndroidManifest.xml
10    <!-- 외부저장소에 읽기 쓰기 권한 요청. 앱 전용 데이터로 저장하는 경우 SDK 18 이후부터는 권한 요청이 필요 없음. -->
11    <!-- <uses-permission android:name="android.permission.WRITE_EXTERNAL_STORAGE" android:maxSdkVersion="18"/> -->
12    <uses-permission android:name="android.permission.WRITE_EXTERNAL_STORAGE" />
12-->src\main\AndroidManifest.xml:7:5-81
12-->src\main\AndroidManifest.xml:7:22-78
13
14    <!-- 부팅이 완료될 때 브로드캐스트 수신을 위한 권한 요청 -->
15    <uses-permission android:name="android.permission.RECEIVE_BOOT_COMPLETED" />
15-->src\main\AndroidManifest.xml:10:5-81
15-->src\main\AndroidManifest.xml:10:22-78
16
17    <!-- Foreground 서비스 실행 권한 -->
18    <uses-permission android:name="android.permission.FOREGROUND_SERVICE" />
18-->src\main\AndroidManifest.xml:13:5-77
18-->src\main\AndroidManifest.xml:13:22-74
19
20    <!-- 진동 서비스 사용 권한 요청 -->
21    <uses-permission android:name="android.permission.VIBRATE" />
21-->src\main\AndroidManifest.xml:16:5-66
21-->src\main\AndroidManifest.xml:16:22-63
22
23    <application
23-->src\main\AndroidManifest.xml:18:5-63:19
24        android:allowBackup="true"
24-->src\main\AndroidManifest.xml:19:9-35
25        android:appComponentFactory="androidx.core.app.CoreComponentFactory"
25-->[androidx.core:core:1.7.0] AndroidManifest.xml:24:18-86
26        android:debuggable="true"
27        android:icon="@drawable/padlock"
27-->src\main\AndroidManifest.xml:20:9-41
28        android:label="@string/app_name"
28-->src\main\AndroidManifest.xml:21:9-41
29        android:roundIcon="@drawable/padlock"
29-->src\main\AndroidManifest.xml:22:9-46
30        android:supportsRtl="true"
30-->src\main\AndroidManifest.xml:23:9-35
31        android:testOnly="true"
32        android:theme="@style/Theme.Quizlocker" >
32-->src\main\AndroidManifest.xml:24:9-48
33        <activity
33-->src\main\AndroidManifest.xml:25:9-27:40
34            android:name="dalc.hsy.quizlocker.QuizLockerActivity"
34-->src\main\AndroidManifest.xml:26:13-47
35            android:exported="false" />
35-->src\main\AndroidManifest.xml:27:13-37
36
37        <service
37-->src\main\AndroidManifest.xml:29:9-32:39
38            android:name="dalc.hsy.quizlocker.LockScreenService"
38-->src\main\AndroidManifest.xml:30:13-46
39            android:enabled="true"
39-->src\main\AndroidManifest.xml:31:13-35
40            android:exported="true" />
40-->src\main\AndroidManifest.xml:32:13-36
41
42        <activity
42-->src\main\AndroidManifest.xml:34:9-36:49
43            android:name="dalc.hsy.quizlocker.ScreenOffExActivity"
43-->src\main\AndroidManifest.xml:35:13-48
44            android:exported="false" />
44-->src\main\AndroidManifest.xml:36:13-37
45        <activity
45-->src\main\AndroidManifest.xml:37:9-39:49
46            android:name="dalc.hsy.quizlocker.PrefFragmentActivity"
46-->src\main\AndroidManifest.xml:38:13-49
47            android:exported="false" /> <!-- 암시적 인텐트로 실행되는 브로드캐스트 리시버 등록 -->
47-->src\main\AndroidManifest.xml:39:13-37
48        <receiver
48-->src\main\AndroidManifest.xml:40:9-46:20
49            android:name="dalc.hsy.quizlocker.BootCompleteReceiver"
49-->src\main\AndroidManifest.xml:41:13-49
50            android:exported="true" >
50-->src\main\AndroidManifest.xml:42:13-36
51            <intent-filter>
51-->src\main\AndroidManifest.xml:43:13-45:29
52                <action android:name="android.intent.action.BOOT_COMPLETED" />
52-->src\main\AndroidManifest.xml:44:17-79
52-->src\main\AndroidManifest.xml:44:25-76
53            </intent-filter>
54        </receiver>
55
56        <activity
56-->src\main\AndroidManifest.xml:48:9-50:40
57            android:name="dalc.hsy.quizlocker.PrefExActivity"
57-->src\main\AndroidManifest.xml:49:13-43
58            android:exported="false" />
58-->src\main\AndroidManifest.xml:50:13-37
59        <activity
59-->src\main\AndroidManifest.xml:51:9-53:40
60            android:name="dalc.hsy.quizlocker.FileExActivity"
60-->src\main\AndroidManifest.xml:52:13-43
61            android:exported="false" />
61-->src\main\AndroidManifest.xml:53:13-37
62        <activity
62-->src\main\AndroidManifest.xml:54:9-62:20
63            android:name="dalc.hsy.quizlocker.MainActivity"
63-->src\main\AndroidManifest.xml:55:13-41
64            android:exported="false" >
64-->src\main\AndroidManifest.xml:56:13-37
65            <intent-filter>
65-->src\main\AndroidManifest.xml:57:13-61:29
66                <action android:name="android.intent.action.MAIN" />
66-->src\main\AndroidManifest.xml:58:17-69
66-->src\main\AndroidManifest.xml:58:25-66
67
68                <category android:name="android.intent.category.LAUNCHER" />
68-->src\main\AndroidManifest.xml:60:17-77
68-->src\main\AndroidManifest.xml:60:27-74
69            </intent-filter>
70        </activity>
71
72        <provider
72-->[androidx.emoji2:emoji2:1.0.0] AndroidManifest.xml:26:9-34:20
73            android:name="androidx.startup.InitializationProvider"
73-->[androidx.emoji2:emoji2:1.0.0] AndroidManifest.xml:27:13-67
74            android:authorities="dalc.hsy.quizlocker.androidx-startup"
74-->[androidx.emoji2:emoji2:1.0.0] AndroidManifest.xml:28:13-68
75            android:exported="false" >
75-->[androidx.emoji2:emoji2:1.0.0] AndroidManifest.xml:29:13-37
76            <meta-data
76-->[androidx.emoji2:emoji2:1.0.0] AndroidManifest.xml:31:13-33:52
77                android:name="androidx.emoji2.text.EmojiCompatInitializer"
77-->[androidx.emoji2:emoji2:1.0.0] AndroidManifest.xml:32:17-75
78                android:value="androidx.startup" />
78-->[androidx.emoji2:emoji2:1.0.0] AndroidManifest.xml:33:17-49
79            <meta-data
79-->[androidx.lifecycle:lifecycle-process:2.4.0] AndroidManifest.xml:31:13-33:52
80                android:name="androidx.lifecycle.ProcessLifecycleInitializer"
80-->[androidx.lifecycle:lifecycle-process:2.4.0] AndroidManifest.xml:32:17-78
81                android:value="androidx.startup" />
81-->[androidx.lifecycle:lifecycle-process:2.4.0] AndroidManifest.xml:33:17-49
82        </provider>
83    </application>
84
85</manifest>